<?xml version="1.0" encoding="UTF-8"?>
<testsuite xmlns:xsi="http://www.w3.org/2001/XMLSchema-instance" xsi:noNamespaceSchemaLocation="https://maven.apache.org/surefire/maven-surefire-plugin/xsd/surefire-test-report-3.0.xsd" version="3.0" name="com.krzysztofpk14.app.bossaapi.util.FixmlParserTest" time="0.024" tests="5" errors="0" skipped="0" failures="0">
  <properties>
[...]
</properties>
  <testcase name="testParseValidUserRequest" classname="com.krzysztofpk14.app.bossaapi.util.FixmlParserTest" time="0.003"/>
  <testcase name="testParseValidUserResponse" classname="com.krzysztofpk14.app.bossaapi.util.FixmlParserTest" time="0.002"/>
  <testcase name="testParseFromInputStream" classname="com.krzysztofpk14.app.bossaapi.util.FixmlParserTest" time="0.004"/>
  <testcase name="testParseWithLeadingWhitespace" classname="com.krzysztofpk14.app.bossaapi.util.FixmlParserTest" time="0.002"/>
  <testcase name="testParseWithNullCharacters" classname="com.krzysztofpk14.app.bossaapi.util.FixmlParserTest" time="0.004"/>
</testsuite>